<?xml version="1.0" encoding="UTF-8"?>
<!-- Generated by org.testng.reporters.JUnitReportReporter -->
<testsuite hostname="collaberas-mbp" failures="0" tests="8" name="extentTest.TestExtentFacebook" time="0.701" errors="1" timestamp="2023-04-24T09:28:28 PST" skipped="7">
  <testcase classname="extentTest.TestExtentFacebook" name="beforeClass" time="0.701">
    <error message="Build info: version: &#039;4.8.3&#039;, revision: &#039;e5e76298c3&#039;
System info: os.name: &#039;Mac OS X&#039;, os.arch: &#039;aarch64&#039;, os.version: &#039;12.3&#039;, java.version: &#039;11.0.18&#039;
Driver info: org.openqa.selenium.safari.SafariDriver
Command: [F5BBE0DF-097E-429B-B3F4-9A04C12A540D, get {url=https://www.facebook.com/}]
Capabilities {acceptInsecureCerts: false, browserName: Safari, browserVersion: 15.4, platformName: MAC, safari:automaticInspection: false, safari:automaticProfiling: false, safari:diagnose: false, safari:platformBuildVersion: 21E230, safari:platformVersion: 12.3, safari:useSimulator: false, setWindowRect: true, strictFileInteractability: false, webkit:WebRTC: {DisableICECandidateFiltering: false, DisableInsecureMediaCapture: false}}
Session ID: F5BBE0DF-097E-429B-B3F4-9A04C12A540D" type="org.openqa.selenium.WebDriverException">
      <![CDATA[org.openqa.selenium.WebDriverException: Build info: version: '4.8.3', revision: 'e5e76298c3'
System info: os.name: 'Mac OS X', os.arch: 'aarch64', os.version: '12.3', java.version: '11.0.18'
Driver info: org.openqa.selenium.safari.SafariDriver
Command: [F5BBE0DF-097E-429B-B3F4-9A04C12A540D, get {url=https://www.facebook.com/}]
Capabilities {acceptInsecureCerts: false, browserName: Safari, browserVersion: 15.4, platformName: MAC, safari:automaticInspection: false, safari:automaticProfiling: false, safari:diagnose: false, safari:platformBuildVersion: 21E230, safari:platformVersion: 12.3, safari:useSimulator: false, setWindowRect: true, strictFileInteractability: false, webkit:WebRTC: {DisableICECandidateFiltering: false, DisableInsecureMediaCapture: false}}
Session ID: F5BBE0DF-097E-429B-B3F4-9A04C12A540D
at java.base/jdk.internal.reflect.NativeConstructorAccessorImpl.newInstance0(Native Method)
at java.base/jdk.internal.reflect.NativeConstructorAccessorImpl.newInstance(NativeConstructorAccessorImpl.java:62)
at java.base/jdk.internal.reflect.DelegatingConstructorAccessorImpl.newInstance(DelegatingConstructorAccessorImpl.java:45)
at java.base/java.lang.reflect.Constructor.newInstance(Constructor.java:490)
at org.openqa.selenium.remote.codec.w3c.W3CHttpResponseCodec.createException(W3CHttpResponseCodec.java:200)
at org.openqa.selenium.remote.codec.w3c.W3CHttpResponseCodec.decode(W3CHttpResponseCodec.java:133)
at org.openqa.selenium.remote.codec.w3c.W3CHttpResponseCodec.decode(W3CHttpResponseCodec.java:53)
at org.openqa.selenium.remote.HttpCommandExecutor.execute(HttpCommandExecutor.java:193)
at org.openqa.selenium.remote.service.DriverCommandExecutor.invokeExecute(DriverCommandExecutor.java:183)
at org.openqa.selenium.remote.service.DriverCommandExecutor.execute(DriverCommandExecutor.java:158)
at org.openqa.selenium.remote.RemoteWebDriver.execute(RemoteWebDriver.java:543)
at org.openqa.selenium.remote.RemoteWebDriver.get(RemoteWebDriver.java:297)
at extentTest.TestExtentFacebook.beforeClass(TestExtentFacebook.java:180)
at java.base/jdk.internal.reflect.NativeMethodAccessorImpl.invoke0(Native Method)
at java.base/jdk.internal.reflect.NativeMethodAccessorImpl.invoke(NativeMethodAccessorImpl.java:62)
at java.base/jdk.internal.reflect.DelegatingMethodAccessorImpl.invoke(DelegatingMethodAccessorImpl.java:43)
at java.base/java.lang.reflect.Method.invoke(Method.java:566)
at org.testng.internal.MethodInvocationHelper.invokeMethod(MethodInvocationHelper.java:132)
at org.testng.internal.MethodInvocationHelper.invokeMethodConsideringTimeout(MethodInvocationHelper.java:61)
at org.testng.internal.ConfigInvoker.invokeConfigurationMethod(ConfigInvoker.java:366)
at org.testng.internal.ConfigInvoker.invokeConfigurations(ConfigInvoker.java:320)
at org.testng.internal.TestMethodWorker.invokeBeforeClassMethods(TestMethodWorker.java:176)
at org.testng.internal.TestMethodWorker.run(TestMethodWorker.java:122)
at java.base/java.util.ArrayList.forEach(ArrayList.java:1541)
at org.testng.TestRunner.privateRun(TestRunner.java:764)
at org.testng.TestRunner.run(TestRunner.java:585)
at org.testng.SuiteRunner.runTest(SuiteRunner.java:384)
at org.testng.SuiteRunner.runSequentially(SuiteRunner.java:378)
at org.testng.SuiteRunner.privateRun(SuiteRunner.java:337)
at org.testng.SuiteRunner.run(SuiteRunner.java:286)
at org.testng.SuiteRunnerWorker.runSuite(SuiteRunnerWorker.java:53)
at org.testng.SuiteRunnerWorker.run(SuiteRunnerWorker.java:96)
at org.testng.TestNG.runSuitesSequentially(TestNG.java:1218)
at org.testng.TestNG.runSuitesLocally(TestNG.java:1140)
at org.testng.TestNG.runSuites(TestNG.java:1069)
at org.testng.TestNG.run(TestNG.java:1037)
at org.testng.remote.AbstractRemoteTestNG.run(AbstractRemoteTestNG.java:115)
at org.testng.remote.RemoteTestNG.initAndRun(RemoteTestNG.java:251)
at org.testng.remote.RemoteTestNG.main(RemoteTestNG.java:77)
]]>
    </error>
  </testcase> <!-- beforeClass -->
  <system-out/>
  <testcase classname="extentTest.TestExtentFacebook" name="getFacebookMethod" time="0.000">
    <skipped/>
  </testcase> <!-- getFacebookMethod -->
  <system-out/>
  <testcase classname="extentTest.TestExtentFacebook" name="openRegisterFormMethod" time="0.000">
    <skipped/>
  </testcase> <!-- openRegisterFormMethod -->
  <system-out/>
  <testcase classname="extentTest.TestExtentFacebook" name="checkInputFields" time="0.000">
    <skipped/>
  </testcase> <!-- checkInputFields -->
  <system-out/>
  <testcase classname="extentTest.TestExtentFacebook" name="validateInputErrorMessage" time="0.000">
    <skipped/>
  </testcase> <!-- validateInputErrorMessage -->
  <system-out/>
  <testcase classname="extentTest.TestExtentFacebook" name="inputCredentials" time="0.000">
    <skipped/>
  </testcase> <!-- inputCredentials -->
  <system-out/>
  <testcase classname="extentTest.TestExtentFacebook" name="validateInputCredentials" time="0.000">
    <skipped/>
  </testcase> <!-- validateInputCredentials -->
  <system-out/>
  <testcase classname="extentTest.TestExtentFacebook" name="submitMethod" time="0.000">
    <skipped/>
  </testcase> <!-- submitMethod -->
  <system-out/>
</testsuite> <!-- extentTest.TestExtentFacebook -->
