<?xml version="1.0" encoding="UTF-8"?>
<!-- Generated by org.testng.reporters.JUnitReportReporter -->
<testsuite hostname="collaberas-mbp" failures="0" tests="11" name="test.TestActivityDay11" time="-1681973504.000" errors="1" timestamp="2023-04-20T14:51:32 PST" skipped="10">
  <testcase classname="test.TestActivityDay11" name="beforeClass" time="-1681973504.000">
    <error message="
Parameter &#039;url&#039; is required by BeforeClass on method beforeClass but has not been marked @Optional or defined
in /private/var/folders/rh/sqrp0jrj1rz3h0y2g66sy_ww0000gn/T/testng-eclipse--712159864/testng-customsuite.xml" type="org.testng.TestNGException">
      <![CDATA[org.testng.TestNGException: 
Parameter 'url' is required by BeforeClass on method beforeClass but has not been marked @Optional or defined
in /private/var/folders/rh/sqrp0jrj1rz3h0y2g66sy_ww0000gn/T/testng-eclipse--712159864/testng-customsuite.xml
at org.testng.internal.Parameters.createParams(Parameters.java:270)
at org.testng.internal.Parameters.createParametersForMethod(Parameters.java:358)
at org.testng.internal.Parameters.createParameters(Parameters.java:700)
at org.testng.internal.Parameters.createConfigurationParameters(Parameters.java:168)
at org.testng.internal.ConfigInvoker.invokeConfigurations(ConfigInvoker.java:302)
at org.testng.internal.TestMethodWorker.invokeBeforeClassMethods(TestMethodWorker.java:176)
at org.testng.internal.TestMethodWorker.run(TestMethodWorker.java:122)
at java.base/java.util.ArrayList.forEach(ArrayList.java:1541)
at org.testng.TestRunner.privateRun(TestRunner.java:794)
at org.testng.TestRunner.run(TestRunner.java:596)
at org.testng.SuiteRunner.runTest(SuiteRunner.java:377)
at org.testng.SuiteRunner.runSequentially(SuiteRunner.java:371)
at org.testng.SuiteRunner.privateRun(SuiteRunner.java:332)
at org.testng.SuiteRunner.run(SuiteRunner.java:276)
at org.testng.SuiteRunnerWorker.runSuite(SuiteRunnerWorker.java:53)
at org.testng.SuiteRunnerWorker.run(SuiteRunnerWorker.java:96)
at org.testng.TestNG.runSuitesSequentially(TestNG.java:1212)
at org.testng.TestNG.runSuitesLocally(TestNG.java:1134)
at org.testng.TestNG.runSuites(TestNG.java:1063)
at org.testng.TestNG.run(TestNG.java:1031)
at org.testng.remote.AbstractRemoteTestNG.run(AbstractRemoteTestNG.java:115)
at org.testng.remote.RemoteTestNG.initAndRun(RemoteTestNG.java:251)
at org.testng.remote.RemoteTestNG.main(RemoteTestNG.java:77)
]]>
    </error>
  </testcase> <!-- beforeClass -->
  <system-out/>
  <testcase classname="test.TestActivityDay11" name="verifyLoginTestMethod" time="0.000">
    <skipped/>
  </testcase> <!-- verifyLoginTestMethod -->
  <system-out/>
  <testcase classname="test.TestActivityDay11" name="verifyAccountMethod" time="0.000">
    <skipped/>
  </testcase> <!-- verifyAccountMethod -->
  <system-out/>
  <testcase classname="test.TestActivityDay11" name="verifyOrdersMethod" time="0.000">
    <skipped/>
  </testcase> <!-- verifyOrdersMethod -->
  <system-out/>
  <testcase classname="test.TestActivityDay11" name="verifyBrowsingHistoryTestMethod" time="0.000">
    <skipped/>
  </testcase> <!-- verifyBrowsingHistoryTestMethod -->
  <system-out/>
  <testcase classname="test.TestActivityDay11" name="verifyCustomerServiceTestMethod" time="0.000">
    <skipped/>
  </testcase> <!-- verifyCustomerServiceTestMethod -->
  <system-out/>
  <testcase classname="test.TestActivityDay11" name="verifySearchTestMethod" time="0.000">
    <skipped/>
  </testcase> <!-- verifySearchTestMethod -->
  <system-out/>
  <testcase classname="test.TestActivityDay11" name="verifyAddProductTestMethod" time="0.000">
    <skipped/>
  </testcase> <!-- verifyAddProductTestMethod -->
  <system-out/>
  <testcase classname="test.TestActivityDay11" name="verifyDeleteProductTestMethod" time="0.000">
    <skipped/>
  </testcase> <!-- verifyDeleteProductTestMethod -->
  <system-out/>
  <testcase classname="test.TestActivityDay11" name="verifyAddTwoProductTestMethod" time="0.000">
    <skipped/>
  </testcase> <!-- verifyAddTwoProductTestMethod -->
  <system-out/>
  <testcase classname="test.TestActivityDay11" name="verifyLogoutTestMethod" time="0.000">
    <skipped/>
  </testcase> <!-- verifyLogoutTestMethod -->
  <system-out/>
</testsuite> <!-- test.TestActivityDay11 -->
