<?xml version="1.0" encoding="UTF-8"?>
<testng-results ignored="1" total="3" passed="1" failed="1" skipped="0">
  <reporter-output>
    <line>
      <![CDATA[Launching Browser Method]]>
    </line>
    <line>
      <![CDATA[Launched Second Method]]>
    </line>
    <line>
      <![CDATA[Launching Close Method]]>
    </line>
    <line>
      <![CDATA[Launching Browser Method]]>
    </line>
    <line>
      <![CDATA[Launching Close Method]]>
    </line>
  </reporter-output>
  <suite started-at="2023-04-19T21:48:16 PST" name="Practice Suite" finished-at="2023-04-19T21:48:16 PST" duration-ms="24">
    <groups>
      <group name="Sample Methods">
        <method signature="ActivityDay11.testSecondMethod()[pri:2, instance:com.ActivityDay11@6da21078]" name="testSecondMethod" class="com.ActivityDay11"/>
        <method signature="ActivityDay11.testThirdMethod(java.lang.String)[pri:3, instance:com.ActivityDay11@6da21078]" name="testThirdMethod" class="com.ActivityDay11"/>
      </group> <!-- Sample Methods -->
    </groups>
    <test started-at="2023-04-19T21:48:16 PST" name="Launch Sample" finished-at="2023-04-19T21:48:16 PST" duration-ms="24">
      <class name="com.ActivityDay11">
        <test-method is-config="true" signature="beforeMethod(java.lang.String)[pri:0, instance:com.ActivityDay11@6da21078]" started-at="2023-04-19T21:48:16 PST" name="beforeMethod" finished-at="2023-04-19T21:48:16 PST" duration-ms="2" status="PASS">
          <params>
            <param index="0">
              <value>
                <![CDATA[Chrome]]>
              </value>
            </param>
          </params>
          <reporter-output>
            <line>
              <![CDATA[Launching Browser Method]]>
            </line>
          </reporter-output>
        </test-method> <!-- beforeMethod -->
        <test-method signature="testSecondMethod()[pri:2, instance:com.ActivityDay11@6da21078]" started-at="2023-04-19T21:48:16 PST" name="testSecondMethod" finished-at="2023-04-19T21:48:16 PST" duration-ms="2" status="PASS">
          <reporter-output>
            <line>
              <![CDATA[Launched Second Method]]>
            </line>
          </reporter-output>
        </test-method> <!-- testSecondMethod -->
        <test-method is-config="true" signature="afterMethod(java.lang.String)[pri:0, instance:com.ActivityDay11@6da21078]" started-at="2023-04-19T21:48:16 PST" name="afterMethod" finished-at="2023-04-19T21:48:16 PST" duration-ms="0" status="PASS">
          <params>
            <param index="0">
              <value>
                <![CDATA[Chrome]]>
              </value>
            </param>
          </params>
          <reporter-output>
            <line>
              <![CDATA[Launching Close Method]]>
            </line>
          </reporter-output>
        </test-method> <!-- afterMethod -->
        <test-method signature="testThirdMethod(java.lang.String)[pri:3, instance:com.ActivityDay11@6da21078]" started-at="2023-04-19T21:48:16 PST" name="testThirdMethod" finished-at="2023-04-19T21:48:16 PST" depends-on-methods="com.ActivityDay11.testSecondMethod" duration-ms="2" status="FAIL">
          <params>
            <param index="0">
              <value>
                <![CDATA[Hello Worlds!]]>
              </value>
            </param>
          </params>
          <exception class="java.lang.AssertionError">
            <message>
              <![CDATA[expected [Hello Worlds!] but found [Hello World!]]]>
            </message>
            <full-stacktrace>
              <![CDATA[java.lang.AssertionError: expected [Hello Worlds!] but found [Hello World!]
at org.testng.Assert.fail(Assert.java:99)
at org.testng.Assert.failNotEquals(Assert.java:1037)
at org.testng.Assert.assertEqualsImpl(Assert.java:140)
at org.testng.Assert.assertEquals(Assert.java:122)
at org.testng.Assert.assertEquals(Assert.java:629)
at org.testng.Assert.assertEquals(Assert.java:639)
at com.ActivityDay11.testThirdMethod(ActivityDay11.java:25)
at java.base/jdk.internal.reflect.NativeMethodAccessorImpl.invoke0(Native Method)
at java.base/jdk.internal.reflect.NativeMethodAccessorImpl.invoke(NativeMethodAccessorImpl.java:62)
at java.base/jdk.internal.reflect.DelegatingMethodAccessorImpl.invoke(DelegatingMethodAccessorImpl.java:43)
at java.base/java.lang.reflect.Method.invoke(Method.java:566)
at org.testng.internal.MethodInvocationHelper.invokeMethod(MethodInvocationHelper.java:133)
at org.testng.internal.TestInvoker.invokeMethod(TestInvoker.java:598)
at org.testng.internal.TestInvoker.invokeTestMethod(TestInvoker.java:173)
at org.testng.internal.MethodRunner.runInSequence(MethodRunner.java:46)
at org.testng.internal.TestInvoker$MethodInvocationAgent.invoke(TestInvoker.java:824)
at org.testng.internal.TestInvoker.invokeTestMethods(TestInvoker.java:146)
at org.testng.internal.TestMethodWorker.invokeTestMethods(TestMethodWorker.java:146)
at org.testng.internal.TestMethodWorker.run(TestMethodWorker.java:128)
at java.base/java.util.ArrayList.forEach(ArrayList.java:1541)
at org.testng.TestRunner.privateRun(TestRunner.java:794)
at org.testng.TestRunner.run(TestRunner.java:596)
at org.testng.SuiteRunner.runTest(SuiteRunner.java:377)
at org.testng.SuiteRunner.runSequentially(SuiteRunner.java:371)
at org.testng.SuiteRunner.privateRun(SuiteRunner.java:332)
at org.testng.SuiteRunner.run(SuiteRunner.java:276)
at org.testng.SuiteRunnerWorker.runSuite(SuiteRunnerWorker.java:53)
at org.testng.SuiteRunnerWorker.run(SuiteRunnerWorker.java:96)
at org.testng.TestNG.runSuitesSequentially(TestNG.java:1212)
at org.testng.TestNG.runSuitesLocally(TestNG.java:1134)
at org.testng.TestNG.runSuites(TestNG.java:1063)
at org.testng.TestNG.run(TestNG.java:1031)
at org.testng.remote.AbstractRemoteTestNG.run(AbstractRemoteTestNG.java:115)
at org.testng.remote.RemoteTestNG.initAndRun(RemoteTestNG.java:251)
at org.testng.remote.RemoteTestNG.main(RemoteTestNG.java:77)
]]>
            </full-stacktrace>
          </exception> <!-- java.lang.AssertionError -->
          <reporter-output>
          </reporter-output>
        </test-method> <!-- testThirdMethod -->
        <test-method is-config="true" signature="beforeMethod(java.lang.String)[pri:0, instance:com.ActivityDay11@6da21078]" started-at="2023-04-19T21:48:16 PST" name="beforeMethod" finished-at="2023-04-19T21:48:16 PST" duration-ms="0" status="PASS">
          <params>
            <param index="0">
              <value>
                <![CDATA[Chrome]]>
              </value>
            </param>
          </params>
          <reporter-output>
            <line>
              <![CDATA[Launching Browser Method]]>
            </line>
          </reporter-output>
        </test-method> <!-- beforeMethod -->
        <test-method is-config="true" signature="afterMethod(java.lang.String)[pri:0, instance:com.ActivityDay11@6da21078]" started-at="2023-04-19T21:48:16 PST" name="afterMethod" finished-at="2023-04-19T21:48:16 PST" duration-ms="1" status="PASS">
          <params>
            <param index="0">
              <value>
                <![CDATA[Chrome]]>
              </value>
            </param>
          </params>
          <reporter-output>
            <line>
              <![CDATA[Launching Close Method]]>
            </line>
          </reporter-output>
        </test-method> <!-- afterMethod -->
      </class> <!-- com.ActivityDay11 -->
    </test> <!-- Launch Sample -->
  </suite> <!-- Practice Suite -->
</testng-results>
